TN:
SF:src\app.ts
FNF:0
FNH:0
DA:1,3
DA:2,3
DA:3,3
DA:4,3
DA:5,3
DA:7,3
DA:9,3
DA:11,3
DA:12,3
DA:14,3
LF:10
LH:10
BRF:0
BRH:0
end_of_record
TN:
SF:src\domain\entities\Bets.ts
FN:4,(anonymous_0)
FNF:1
FNH:0
FNDA:0,(anonymous_0)
DA:3,0
DA:5,0
DA:6,0
DA:7,0
DA:8,0
DA:9,0
LF:6
LH:0
BRF:0
BRH:0
end_of_record
TN:
SF:src\domain\entities\Sporting-events.ts
FN:2,(anonymous_0)
FNF:1
FNH:0
FNDA:0,(anonymous_0)
DA:1,0
DA:3,0
DA:4,0
DA:5,0
LF:4
LH:0
BRF:0
BRH:0
end_of_record
TN:
SF:src\domain\entities\Users.ts
FN:3,(anonymous_0)
FNF:1
FNH:0
FNDA:0,(anonymous_0)
DA:1,0
DA:4,0
DA:5,0
DA:6,0
LF:4
LH:0
BRF:0
BRH:0
end_of_record
TN:
SF:src\infrastructure\database\db.ts
FN:6,(anonymous_8)
FN:6,(anonymous_9)
FN:14,(anonymous_10)
FN:14,(anonymous_11)
FNF:4
FNH:4
FNDA:3,(anonymous_8)
FNDA:3,(anonymous_9)
FNDA:3,(anonymous_10)
FNDA:3,(anonymous_11)
DA:1,3
DA:2,3
DA:6,3
DA:7,3
DA:8,3
DA:10,3
DA:11,3
DA:14,3
DA:15,3
DA:16,3
DA:18,3
DA:19,3
DA:21,3
LF:13
LH:13
BRDA:15,0,0,3
BRDA:18,1,0,3
BRF:2
BRH:2
end_of_record
TN:
SF:src\infrastructure\models\Bet.model.ts
FNF:0
FNH:0
DA:1,3
DA:11,3
DA:23,3
DA:24,3
LF:4
LH:4
BRF:0
BRH:0
end_of_record
TN:
SF:src\infrastructure\models\Sporting-events.model.ts
FNF:0
FNH:0
DA:1,3
DA:10,3
DA:19,3
DA:23,3
LF:4
LH:4
BRF:0
BRH:0
end_of_record
TN:
SF:src\infrastructure\models\User.model.ts
FNF:0
FNH:0
DA:1,3
DA:11,3
DA:22,3
DA:23,3
LF:4
LH:4
BRF:0
BRH:0
end_of_record
TN:
SF:src\infrastructure\repositories\BetRepositoryMongo.ts
FN:7,(anonymous_8)
FN:13,(anonymous_10)
FN:29,(anonymous_12)
FNF:3
FNH:3
FNDA:3,(anonymous_8)
FNDA:1,(anonymous_10)
FNDA:1,(anonymous_12)
DA:1,3
DA:4,3
DA:6,3
DA:8,3
DA:9,3
DA:10,3
DA:14,1
DA:16,1
DA:18,1
DA:19,0
DA:22,1
DA:26,1
DA:30,1
DA:35,1
DA:36,0
DA:38,1
LF:16
LH:14
BRDA:18,0,0,0
BRDA:35,1,0,0
BRF:2
BRH:0
end_of_record
TN:
SF:src\infrastructure\repositories\EventRepositoryMongo.ts
FN:6,(anonymous_7)
FN:12,(anonymous_9)
FNF:2
FNH:2
FNDA:2,(anonymous_7)
FNDA:1,(anonymous_9)
DA:3,3
DA:5,3
DA:7,2
DA:8,2
DA:9,2
DA:13,1
DA:50,1
LF:7
LH:7
BRF:0
BRH:0
end_of_record
TN:
SF:src\infrastructure\repositories\UserRepositoryMongo.ts
FN:6,(anonymous_7)
FN:10,(anonymous_9)
FN:16,(anonymous_11)
FNF:3
FNH:3
FNDA:1,(anonymous_7)
FNDA:4,(anonymous_9)
FNDA:1,(anonymous_11)
DA:3,3
DA:5,3
DA:7,1
DA:11,4
DA:12,4
DA:13,4
DA:17,1
DA:20,1
LF:8
LH:8
BRDA:20,0,0,0
BRF:1
BRH:0
end_of_record
TN:
SF:src\interface\controllers\BetController.ts
FN:7,(anonymous_7)
FN:13,(anonymous_8)
FN:26,(anonymous_10)
FN:41,(anonymous_12)
FNF:4
FNH:4
FNDA:3,(anonymous_7)
FNDA:3,(anonymous_8)
FNDA:1,(anonymous_10)
FNDA:1,(anonymous_12)
DA:6,3
DA:8,3
DA:9,3
DA:10,3
DA:14,3
DA:15,3
DA:16,3
DA:18,0
DA:19,0
DA:27,1
DA:28,1
DA:29,1
DA:30,1
DA:31,1
DA:33,0
DA:34,0
DA:42,1
DA:43,1
DA:44,1
DA:46,1
DA:47,0
DA:52,1
DA:53,1
DA:58,0
DA:59,0
LF:25
LH:18
BRDA:21,0,0,0
BRDA:21,0,1,0
BRDA:36,1,0,0
BRDA:36,1,1,0
BRDA:46,2,0,0
BRDA:46,3,0,1
BRDA:46,3,1,1
BRDA:61,4,0,0
BRDA:61,4,1,0
BRF:9
BRH:2
end_of_record
TN:
SF:src\interface\controllers\EventController.ts
FN:6,(anonymous_7)
FN:11,(anonymous_8)
FN:24,(anonymous_10)
FNF:3
FNH:3
FNDA:3,(anonymous_7)
FNDA:2,(anonymous_8)
FNDA:1,(anonymous_10)
DA:5,3
DA:7,3
DA:8,3
DA:12,2
DA:13,2
DA:14,2
DA:16,0
DA:17,0
DA:25,1
DA:26,1
DA:27,1
DA:29,0
DA:30,0
LF:13
LH:9
BRDA:19,0,0,0
BRDA:19,0,1,0
BRDA:33,1,0,0
BRDA:33,1,1,0
BRF:4
BRH:0
end_of_record
TN:
SF:src\interface\controllers\UserController.ts
FN:7,(anonymous_7)
FN:13,(anonymous_8)
FN:26,(anonymous_10)
FN:39,(anonymous_12)
FNF:4
FNH:4
FNDA:3,(anonymous_7)
FNDA:1,(anonymous_8)
FNDA:4,(anonymous_10)
FNDA:1,(anonymous_12)
DA:6,3
DA:8,3
DA:9,3
DA:10,3
DA:14,1
DA:15,1
DA:16,1
DA:18,0
DA:19,0
DA:27,4
DA:28,4
DA:29,4
DA:31,0
DA:32,0
DA:40,1
DA:41,1
DA:42,1
DA:44,1
DA:49,1
DA:50,1
DA:52,0
DA:53,0
LF:22
LH:16
BRDA:21,0,0,0
BRDA:21,0,1,0
BRDA:34,1,0,0
BRDA:34,1,1,0
BRDA:55,2,0,0
BRDA:55,2,1,0
BRF:6
BRH:0
end_of_record
TN:
SF:src\interface\routes\betRoutes.ts
FN:20,(anonymous_7)
FN:20,(anonymous_8)
FN:24,(anonymous_9)
FN:24,(anonymous_10)
FN:28,(anonymous_11)
FN:28,(anonymous_12)
FNF:6
FNH:6
FNDA:1,(anonymous_7)
FNDA:1,(anonymous_8)
FNDA:3,(anonymous_9)
FNDA:3,(anonymous_10)
FNDA:1,(anonymous_11)
FNDA:1,(anonymous_12)
DA:1,3
DA:2,3
DA:3,3
DA:4,3
DA:5,3
DA:6,3
DA:8,3
DA:10,3
DA:11,3
DA:12,3
DA:13,3
DA:14,3
DA:20,3
DA:21,1
DA:24,3
DA:25,3
DA:28,3
DA:29,1
DA:32,3
LF:19
LH:19
BRF:0
BRH:0
end_of_record
TN:
SF:src\interface\routes\eventRoutes.ts
FN:16,(anonymous_7)
FN:16,(anonymous_8)
FN:19,(anonymous_9)
FN:19,(anonymous_10)
FNF:4
FNH:4
FNDA:2,(anonymous_7)
FNDA:2,(anonymous_8)
FNDA:1,(anonymous_9)
FNDA:1,(anonymous_10)
DA:1,3
DA:2,3
DA:3,3
DA:4,3
DA:5,3
DA:7,3
DA:8,3
DA:9,3
DA:10,3
DA:11,3
DA:16,3
DA:17,2
DA:19,3
DA:20,1
DA:22,3
LF:15
LH:15
BRF:0
BRH:0
end_of_record
TN:
SF:src\interface\routes\userRoutes.ts
FN:16,(anonymous_7)
FN:16,(anonymous_8)
FN:20,(anonymous_9)
FN:20,(anonymous_10)
FN:23,(anonymous_11)
FN:23,(anonymous_12)
FNF:6
FNH:6
FNDA:1,(anonymous_7)
FNDA:1,(anonymous_8)
FNDA:4,(anonymous_9)
FNDA:4,(anonymous_10)
FNDA:1,(anonymous_11)
FNDA:1,(anonymous_12)
DA:1,3
DA:2,3
DA:3,3
DA:4,3
DA:5,3
DA:6,3
DA:8,3
DA:10,3
DA:11,3
DA:12,3
DA:13,3
DA:14,3
DA:16,3
DA:17,1
DA:20,4
DA:21,4
DA:23,3
DA:24,1
DA:26,3
LF:19
LH:19
BRF:0
BRH:0
end_of_record
TN:
SF:src\use-cases\CreateBet.ts
FN:5,(anonymous_7)
FN:7,(anonymous_8)
FNF:2
FNH:2
FNDA:3,(anonymous_7)
FNDA:3,(anonymous_8)
DA:4,3
DA:5,3
DA:8,3
LF:3
LH:3
BRF:0
BRH:0
end_of_record
TN:
SF:src\use-cases\CreateEvent.ts
FN:5,(anonymous_7)
FN:7,(anonymous_8)
FNF:2
FNH:2
FNDA:3,(anonymous_7)
FNDA:2,(anonymous_8)
DA:4,3
DA:5,3
DA:8,2
LF:3
LH:3
BRF:0
BRH:0
end_of_record
TN:
SF:src\use-cases\CreateUser.ts
FN:5,(anonymous_7)
FN:7,(anonymous_8)
FNF:2
FNH:2
FNDA:3,(anonymous_7)
FNDA:4,(anonymous_8)
DA:4,3
DA:5,3
DA:8,4
LF:3
LH:3
BRF:0
BRH:0
end_of_record
TN:
SF:src\use-cases\GetAllUsers.ts
FN:4,(anonymous_7)
FN:6,(anonymous_8)
FNF:2
FNH:2
FNDA:3,(anonymous_7)
FNDA:1,(anonymous_8)
DA:3,3
DA:4,3
DA:7,1
LF:3
LH:3
BRF:0
BRH:0
end_of_record
TN:
SF:src\use-cases\GetBetsByUser.ts
FN:5,(anonymous_7)
FN:7,(anonymous_8)
FNF:2
FNH:2
FNDA:3,(anonymous_7)
FNDA:1,(anonymous_8)
DA:4,3
DA:5,3
DA:8,1
LF:3
LH:3
BRF:0
BRH:0
end_of_record
TN:
SF:src\use-cases\GetEventsWithTotalBets.ts
FN:6,(anonymous_7)
FN:8,(anonymous_8)
FNF:2
FNH:2
FNDA:3,(anonymous_7)
FNDA:1,(anonymous_8)
DA:5,3
DA:6,3
DA:9,1
LF:3
LH:3
BRF:0
BRH:0
end_of_record
TN:
SF:src\use-cases\UpdateBetStatus.ts
FN:5,(anonymous_7)
FN:7,(anonymous_8)
FNF:2
FNH:2
FNDA:3,(anonymous_7)
FNDA:1,(anonymous_8)
DA:4,3
DA:5,3
DA:8,1
LF:3
LH:3
BRF:0
BRH:0
end_of_record
TN:
SF:src\use-cases\UpdateUser.ts
FN:5,(anonymous_7)
FN:7,(anonymous_8)
FNF:2
FNH:2
FNDA:3,(anonymous_7)
FNDA:1,(anonymous_8)
DA:4,3
DA:5,3
DA:8,1
LF:3
LH:3
BRF:0
BRH:0
end_of_record
